<?xml version="1.0" encoding="utf-8"?><testsuites name="pytest tests"><testsuite name="pytest" errors="0" failures="0" skipped="0" tests="11" time="80.495" timestamp="2026-05-06T17:38:59.801378+00:00" hostname="agent-env-3d3959d4-ae21-4189-a303-3358b4690c3a"><testcase classname="backend.tests.test_ai_services" name="test_voices_mapping" time="0.205" /><testcase classname="backend.tests.test_ai_services" name="test_tts_per_persona[ajani-onyx]" time="1.883" /><testcase classname="backend.tests.test_ai_services" name="test_tts_per_persona[minerva-nova]" time="1.035" /><testcase classname="backend.tests.test_ai_services" name="test_tts_per_persona[hermes-echo]" time="0.769" /><testcase classname="backend.tests.test_ai_services" name="test_tts_per_persona[trinity-shimmer]" time="1.598" /><testcase classname="backend.tests.test_ai_services" name="test_tts_explicit_voice_override" time="1.492" /><testcase classname="backend.tests.test_ai_services" name="test_tts_empty_text_400" time="0.064" /><testcase classname="backend.tests.test_ai_services" name="test_tts_too_long_400" time="0.073" /><testcase classname="backend.tests.test_ai_services" name="test_minerva_approval" time="13.768" /><testcase classname="backend.tests.test_ai_services" name="test_hermes_validation" time="11.174" /><testcase classname="backend.tests.test_ai_services" name="test_blueprint_generate" time="48.262" /></testsuite></testsuites>