<?xml version="1.0" encoding="utf-8"?><testsuites name="pytest tests"><testsuite name="pytest" errors="0" failures="0" skipped="0" tests="25" time="1.383" timestamp="2026-07-11T07:42:20.110457+00:00" hostname="agent-env-3d3959d4-ae21-4189-a303-3358b4690c3a"><testcase classname="tests.test_iter30_vision_systems" name="test_vision_health_returns_full_capability_list" time="0.016" /><testcase classname="tests.test_iter30_vision_systems.TestRegistry" name="test_register_camera_returns_uid" time="0.008" /><testcase classname="tests.test_iter30_vision_systems.TestRegistry" name="test_register_sensor_and_lookup" time="0.014" /><testcase classname="tests.test_iter30_vision_systems.TestRegistry" name="test_list_devices_kind_filter" time="0.026" /><testcase classname="tests.test_iter30_vision_systems.TestRegistry" name="test_delete_device_roundtrip" time="0.018" /><testcase classname="tests.test_iter30_vision_systems.TestCalibration" name="test_intrinsic_upsert_and_flag_camera" time="0.024" /><testcase classname="tests.test_iter30_vision_systems.TestCalibration" name="test_intrinsic_rejects_unknown_device" time="0.007" /><testcase classname="tests.test_iter30_vision_systems.TestCalibration" name="test_hand_eye_transform_stored" time="0.013" /><testcase classname="tests.test_iter30_vision_systems.TestIngest" name="test_synthetic_frame_stable_checksum" time="0.045" /><testcase classname="tests.test_iter30_vision_systems.TestIngest" name="test_non_synthetic_needs_payload" time="0.014" /><testcase classname="tests.test_iter30_vision_systems.TestIngest" name="test_frame_listing_by_device" time="0.039" /><testcase classname="tests.test_iter30_vision_systems.TestDetection" name="test_synthetic_grid_returns_at_least_one_box" time="0.040" /><testcase classname="tests.test_iter30_vision_systems.TestDetection" name="test_synthetic_center_detector_deterministic" time="0.027" /><testcase classname="tests.test_iter30_vision_systems.TestDetection" name="test_detect_missing_frame_returns_404" time="0.006" /><testcase classname="tests.test_iter30_vision_systems.TestTracking" name="test_tracking_reuses_prior_track_on_iou_hit" time="0.076" /><testcase classname="tests.test_iter30_vision_systems.TestPose" name="test_pnp_stub_uses_intrinsic_when_available" time="0.046" /><testcase classname="tests.test_iter30_vision_systems.TestPose" name="test_pose_synthetic_method_no_calibration_required" time="0.047" /><testcase classname="tests.test_iter30_vision_systems.TestInspection" name="test_industrial_inspection_fails_on_defect" time="0.274" /><testcase classname="tests.test_iter30_vision_systems.TestInspection" name="test_pcb_inspection_flags_missing_components" time="0.032" /><testcase classname="tests.test_iter30_vision_systems.TestInspection" name="test_pcb_inspection_passes_with_enough_components" time="0.036" /><testcase classname="tests.test_iter30_vision_systems" name="test_fusion_nms_removes_duplicates" time="0.070" /><testcase classname="tests.test_iter30_vision_systems" name="test_fusion_union_keeps_all" time="0.069" /><testcase classname="tests.test_iter30_vision_systems.TestTwinLink" name="test_link_camera_to_twin_and_reverse_lookup" time="0.025" /><testcase classname="tests.test_iter30_vision_systems.TestTwinLink" name="test_link_is_idempotent_on_reinsert" time="0.032" /><testcase classname="tests.test_iter30_vision_systems" name="test_end_to_end_camera_to_inspection" time="0.080" /></testsuite></testsuites>