<?xml version="1.0" encoding="utf-8"?><testsuites name="pytest tests"><testsuite name="pytest" errors="0" failures="0" skipped="0" tests="7" time="1.245" timestamp="2026-06-17T20:46:11.351188+00:00" hostname="agent-env-3d3959d4-ae21-4189-a303-3358b4690c3a"><testcase classname="tests.test_robot_clear_safe_state" name="test_clear_is_listed_in_owner_only_commands" time="0.127" /><testcase classname="tests.test_robot_clear_safe_state" name="test_guest_cannot_clear" time="0.366" /><testcase classname="tests.test_robot_clear_safe_state" name="test_wrong_confirm_rejected" time="0.052" /><testcase classname="tests.test_robot_clear_safe_state" name="test_missing_confirm_rejected_by_pydantic" time="0.060" /><testcase classname="tests.test_robot_clear_safe_state" name="test_owner_clear_flips_device_and_records_everything" time="0.230" /><testcase classname="tests.test_robot_clear_safe_state" name="test_cannot_clear_a_healthy_device" time="0.155" /><testcase classname="tests.test_robot_clear_safe_state" name="test_unknown_device_returns_404" time="0.060" /></testsuite></testsuites>