<?xml version="1.0" encoding="utf-8"?><testsuites name="pytest tests"><testsuite name="pytest" errors="0" failures="0" skipped="0" tests="39" time="29.758" timestamp="2026-06-21T17:26:01.270506+00:00" hostname="agent-env-3d3959d4-ae21-4189-a303-3358b4690c3a"><testcase classname="tests.test_iter21_esp32_safety" name="test_hud_endpoint_live[/api/robot/devices-keys0]" time="0.499" /><testcase classname="tests.test_iter21_esp32_safety" name="test_hud_endpoint_live[/api/research-orch/blueprints-keys1]" time="0.219" /><testcase classname="tests.test_iter21_esp32_safety" name="test_hud_endpoint_live[/api/membank/list?limit=5-keys2]" time="0.159" /><testcase classname="tests.test_iter21_esp32_safety" name="test_hud_endpoint_live[/api/knowledge/subjects-keys3]" time="0.164" /><testcase classname="tests.test_iter21_esp32_safety" name="test_hud_endpoint_live[/api/research-orch/queue/status-None]" time="0.184" /><testcase classname="tests.test_iter21_esp32_safety" name="test_hud_endpoint_live[/api/atlas/archive/list-keys5]" time="0.182" /><testcase classname="tests.test_iter21_esp32_safety" name="test_hud_endpoint_live[/api/llm/health-None]" time="0.247" /><testcase classname="tests.test_iter21_esp32_safety" name="test_hud_endpoint_live[/api/ai/voices-keys7]" time="0.145" /><testcase classname="tests.test_iter21_esp32_safety" name="test_hud_endpoint_live[/api/themes/list-keys8]" time="0.154" /><testcase classname="tests.test_iter21_esp32_safety" name="test_hud_endpoint_live[/api/intake/list-keys9]" time="0.190" /><testcase classname="tests.test_iter21_esp32_safety" name="test_hud_endpoint_live[/api/worldwatch/updates-keys10]" time="0.191" /><testcase classname="tests.test_iter21_esp32_safety" name="test_hud_endpoint_live[/api/self-improve/proposals-keys11]" time="0.171" /><testcase classname="tests.test_iter21_esp32_safety" name="test_hud_endpoint_live[/api/learning/lessons-keys12]" time="0.213" /><testcase classname="tests.test_iter21_esp32_safety" name="test_hud_endpoint_live[/api/manual/sections-keys13]" time="0.149" /><testcase classname="tests.test_iter21_esp32_safety" name="test_hud_endpoint_live[/api/membank/graph/list-keys14]" time="0.175" /><testcase classname="tests.test_iter21_esp32_safety" name="test_hud_endpoint_live[/api/research-orch/missions-keys15]" time="0.204" /><testcase classname="tests.test_iter21_esp32_safety" name="test_hud_endpoint_live[/api/persona/list-keys16]" time="0.160" /><testcase classname="tests.test_iter21_esp32_safety" name="test_hud_endpoint_live[/api/twins/list-keys17]" time="0.180" /><testcase classname="tests.test_iter21_esp32_safety" name="test_mqtt_status_dormant" time="0.149" /><testcase classname="tests.test_iter21_esp32_safety" name="test_telemetry_ingested" time="8.364" /><testcase classname="tests.test_iter21_esp32_safety" name="test_device_online" time="0.227" /><testcase classname="tests.test_iter21_esp32_safety" name="test_actuate_command_applied" time="5.517" /><testcase classname="tests.test_iter21_esp32_safety" name="test_emergency_stop_enqueues_and_is_sticky" time="8.861" /><testcase classname="tests.test_iter21_esp32_safety" name="test_clear_safe_state" time="0.570" /><testcase classname="tests.test_iter22_twin_environments" name="test_envs_seeded_and_listed" time="0.013" /><testcase classname="tests.test_iter22_twin_environments" name="test_env_categories_present" time="0.056" /><testcase classname="tests.test_iter22_twin_environments" name="test_env_create_delete_round_trip" time="0.168" /><testcase classname="tests.test_iter22_twin_environments" name="test_bind_compatibility_blocks_then_force_succeeds" time="0.255" /><testcase classname="tests.test_iter23_d3_d6" name="test_d3_weaver_plans_and_parts_live" time="0.019" /><testcase classname="tests.test_iter23_d3_d6" name="test_d4_nir_library_seeded" time="0.011" /><testcase classname="tests.test_iter23_d3_d6" name="test_d4_nir_synthetic_pet_round_trip" time="0.086" /><testcase classname="tests.test_iter23_d3_d6" name="test_d4_nir_validation_rejects_bad_input" time="0.005" /><testcase classname="tests.test_iter23_d3_d6" name="test_d4_nir_results_list_includes_recent_scan" time="0.117" /><testcase classname="tests.test_iter23_d3_d6" name="test_d5_agri_rover_registered" time="0.018" /><testcase classname="tests.test_iter23_d3_d6" name="test_d5_agri_rover_blueprint_emitted" time="0.008" /><testcase classname="tests.test_iter23_d3_d6" name="test_d6_power_cell_twins_registered" time="0.020" /><testcase classname="tests.test_iter23_d3_d6" name="test_d6_thermal_sim_nominal_safe" time="0.249" /><testcase classname="tests.test_iter23_d3_d6" name="test_d6_thermal_sim_detects_runaway" time="0.381" /><testcase classname="tests.test_iter23_d3_d6" name="test_d6_solid_state_higher_threshold" time="0.278" /></testsuite></testsuites>