<?xml version="1.0" encoding="utf-8"?><testsuites name="pytest tests"><testsuite name="pytest" errors="0" failures="0" skipped="0" tests="13" time="4.710" timestamp="2026-07-04T07:24:22.631647+00:00" hostname="agent-env-3d3959d4-ae21-4189-a303-3358b4690c3a"><testcase classname="tests.test_iter28_knowledge_network" name="test_kn_health_lists_wrapped_subsystems" time="0.315" /><testcase classname="tests.test_iter28_knowledge_network" name="test_kn_dashboard_returns_aggregate_counts" time="0.182" /><testcase classname="tests.test_iter28_knowledge_network" name="test_kn_sources_expose_full_metadata_block" time="0.177" /><testcase classname="tests.test_iter28_knowledge_network" name="test_kn_sources_filter_by_trust_level" time="0.195" /><testcase classname="tests.test_iter28_knowledge_network" name="test_kn_sources_stats_matches_underlying" time="0.298" /><testcase classname="tests.test_iter28_knowledge_network" name="test_kn_patch_metadata_persists_new_fields" time="0.330" /><testcase classname="tests.test_iter28_knowledge_network" name="test_kn_patch_metadata_rejects_unknown_id" time="0.165" /><testcase classname="tests.test_iter28_knowledge_network" name="test_kn_patch_metadata_rejects_empty_body" time="0.147" /><testcase classname="tests.test_iter28_knowledge_network" name="test_kn_convenience_proxies_respond_200" time="0.943" /><testcase classname="tests.test_iter28_knowledge_network" name="test_kn_research_memory_alias_stores" time="0.147" /><testcase classname="tests.test_iter28_knowledge_network" name="test_dev_pipeline_status_reports_real_health" time="0.157" /><testcase classname="tests.test_iter28_knowledge_network" name="test_dev_pipeline_ping_ok" time="0.140" /><testcase classname="tests.test_iter28_knowledge_network" name="test_all_wrapped_originals_still_respond" time="0.768" /></testsuite></testsuites>