<?xml version="1.0" encoding="utf-8"?><testsuites name="pytest tests"><testsuite name="pytest" errors="0" failures="0" skipped="0" tests="6" time="6.309" timestamp="2026-07-04T07:25:50.123571+00:00" hostname="agent-env-3d3959d4-ae21-4189-a303-3358b4690c3a"><testcase classname="tests.test_iter28_expansion" name="test_dashboard_total_matches_sum_of_kinds" time="2.224" /><testcase classname="tests.test_iter28_expansion" name="test_filter_by_country_and_region_after_patch" time="1.087" /><testcase classname="tests.test_iter28_expansion" name="test_patch_partial_body_persists_only_supplied_fields" time="0.441" /><testcase classname="tests.test_iter28_expansion" name="test_kbase_deep_alias_mount" time="0.168" /><testcase classname="tests.test_iter28_expansion" name="test_dev_pipeline_status_shape" time="0.572" /><testcase classname="tests.test_iter28_expansion" name="test_iter27_aliases_no_regression" time="0.833" /></testsuite></testsuites>