<?xml version="1.0" encoding="utf-8"?><testsuites name="pytest tests"><testsuite name="pytest" errors="0" failures="0" skipped="0" tests="12" time="9.553" timestamp="2026-06-01T03:06:49.785828+00:00" hostname="agent-env-3d3959d4-ae21-4189-a303-3358b4690c3a"><testcase classname="backend.tests.test_sandbox.TestRuns" name="test_record_run_above_threshold" time="1.453" /><testcase classname="backend.tests.test_sandbox.TestRuns" name="test_record_run_below_threshold" time="0.048" /><testcase classname="backend.tests.test_sandbox.TestRuns" name="test_top3_cap_keeps_top_scores" time="0.311" /><testcase classname="backend.tests.test_sandbox.TestRuns" name="test_runs_returned_chronological_ascending" time="0.355" /><testcase classname="backend.tests.test_sandbox.TestRuns" name="test_runs_limit_honoured" time="0.050" /><testcase classname="backend.tests.test_sandbox.TestSaved" name="test_save_config_and_no_id_leak" time="0.047" /><testcase classname="backend.tests.test_sandbox.TestSaved" name="test_list_saved_no_id_leak" time="0.102" /><testcase classname="backend.tests.test_sandbox.TestSaved" name="test_delete_saved_then_404" time="0.148" /><testcase classname="backend.tests.test_sandbox.TestSaved" name="test_cleanup" time="0.001" /><testcase classname="backend.tests.test_sandbox.TestSuggest" name="test_suggest_valid_power_failing" time="3.626" /><testcase classname="backend.tests.test_sandbox.TestSuggest" name="test_suggest_invalid_persona_falls_back" time="2.598" /><testcase classname="backend.tests.test_sandbox.TestSuggest" name="test_suggest_missing_controls_returns_422" time="0.056" /></testsuite></testsuites>