<?xml version="1.0" encoding="utf-8"?><testsuites name="pytest tests"><testsuite name="pytest" errors="0" failures="0" skipped="0" tests="3" time="4.047" timestamp="2026-06-17T20:47:37.154779+00:00" hostname="agent-env-3d3959d4-ae21-4189-a303-3358b4690c3a"><testcase classname="tests.test_robot_clear_safe_state_extras" name="test_clear_writes_membank_entry_tagged_and_searchable" time="2.737" /><testcase classname="tests.test_robot_clear_safe_state_extras" name="test_pipeline_log_step_order" time="0.554" /><testcase classname="tests.test_robot_clear_safe_state_extras" name="test_estop_then_actuate_rejected_with_safe_state_reason" time="0.277" /></testsuite></testsuites>