<?xml version="1.0" encoding="utf-8"?><testsuites name="pytest tests"><testsuite name="pytest" errors="0" failures="1" skipped="0" tests="14" time="10.633" timestamp="2026-06-01T14:34:00.732285+00:00" hostname="agent-env-3d3959d4-ae21-4189-a303-3358b4690c3a"><testcase classname="backend.tests.test_iter10_hud.TestCouncilRoute" name="test_route_biology_to_minerva" time="0.607" /><testcase classname="backend.tests.test_iter10_hud.TestCouncilRoute" name="test_route_engineering_physics_to_ajani" time="0.128" /><testcase classname="backend.tests.test_iter10_hud.TestCouncilRoute" name="test_route_algorithm_complexity_to_hermes" time="0.123" /><testcase classname="backend.tests.test_iter10_hud.TestCouncilRoute" name="test_route_philosophy_of_mind" time="0.138" /><testcase classname="backend.tests.test_iter10_hud.TestCouncilRoute" name="test_route_unmatched_to_council" time="0.121" /><testcase classname="backend.tests.test_iter10_hud.TestCouncilDeliberate" name="test_deliberate_returns_three_voices" time="7.461"><failure message="assert (False)&#10; +  where False = isinstance(None, str)">backend/tests/test_iter10_hud.py:79: in test_deliberate_returns_three_voices
    assert isinstance(v["text"], str) and len(v["text"]) &gt; 5
E   assert (False)
E    +  where False = isinstance(None, str)</failure></testcase><testcase classname="backend.tests.test_iter10_hud.TestMemoryFeed" name="test_feed_default" time="0.157" /><testcase classname="backend.tests.test_iter10_hud.TestMemoryFeed" name="test_feed_limit_honoured" time="0.132" /><testcase classname="backend.tests.test_iter10_hud.TestManual" name="test_manual_five_sections" time="0.139" /><testcase classname="backend.tests.test_iter10_hud.TestSettings" name="test_settings_get_defaults" time="0.144" /><testcase classname="backend.tests.test_iter10_hud.TestSettings" name="test_settings_put_persists" time="0.298" /><testcase classname="backend.tests.test_iter10_hud.TestIntake" name="test_transcript_intake_returns_lesson_and_quiz" time="0.202" /><testcase classname="backend.tests.test_iter10_hud.TestIntake" name="test_transcript_validation_too_short" time="0.163" /><testcase classname="backend.tests.test_iter10_hud.TestIntake" name="test_youtube_invalid_id_returns_clean_error" time="0.384" /></testsuite></testsuites>