<?xml version="1.0" encoding="utf-8"?><testsuites name="pytest tests"><testsuite name="pytest" errors="0" failures="0" skipped="0" tests="4" time="53.483" timestamp="2026-06-18T01:16:37.642148+00:00" hostname="agent-env-3d3959d4-ae21-4189-a303-3358b4690c3a"><testcase classname="tests.test_phase8_extras" name="test_anomaly_row_tagged_in_membank" time="10.802" /><testcase classname="tests.test_phase8_extras" name="test_ask_council_healthy_branch" time="13.240" /><testcase classname="tests.test_phase8_extras" name="test_arxiv_authors_extracted_into_source_author" time="12.049" /><testcase classname="tests.test_phase8_extras" name="test_arxiv_unknown_id_falls_back_without_crashing" time="16.677" /></testsuite></testsuites>