<?xml version="1.0" encoding="utf-8"?><testsuites name="pytest tests"><testsuite name="pytest" errors="0" failures="0" skipped="0" tests="13" time="3.194" timestamp="2026-06-17T20:46:18.389232+00:00" hostname="agent-env-3d3959d4-ae21-4189-a303-3358b4690c3a"><testcase classname="tests.test_robot_phase7" name="test_roles_endpoint" time="0.149" /><testcase classname="tests.test_robot_phase7" name="test_seed_devices_present" time="0.144" /><testcase classname="tests.test_robot_phase7" name="test_register_device_is_owner_only" time="0.137" /><testcase classname="tests.test_robot_phase7" name="test_telemetry_roundtrip" time="0.263" /><testcase classname="tests.test_robot_phase7" name="test_guest_actuate_rejected_owner_only" time="0.133" /><testcase classname="tests.test_robot_phase7" name="test_owner_ping_executes" time="0.060" /><testcase classname="tests.test_robot_phase7" name="test_owner_actuate_runs_simulation_first" time="0.080" /><testcase classname="tests.test_robot_phase7" name="test_inbox_delivers_executed_commands_once" time="0.189" /><testcase classname="tests.test_robot_phase7" name="test_emergency_stop_blocks_subsequent_actuation" time="0.192" /><testcase classname="tests.test_robot_phase7" name="test_commands_listing" time="0.055" /><testcase classname="tests.test_robot_membank_wiring" name="test_telemetry_push_creates_memory_record" time="0.143" /><testcase classname="tests.test_robot_membank_wiring" name="test_command_creates_memory_record_and_is_searchable" time="0.784" /><testcase classname="tests.test_robot_membank_wiring" name="test_device_registration_creates_memory_record" time="0.653" /></testsuite></testsuites>