<?xml version="1.0" encoding="utf-8"?><testsuites name="pytest tests"><testsuite name="pytest" errors="0" failures="0" skipped="0" tests="24" time="47.372" timestamp="2026-06-18T23:12:26.655429+00:00" hostname="agent-env-3d3959d4-ae21-4189-a303-3358b4690c3a"><testcase classname="tests.test_iter21_esp32_safety" name="test_hud_endpoint_live[/api/robot/devices-keys0]" time="0.884" /><testcase classname="tests.test_iter21_esp32_safety" name="test_hud_endpoint_live[/api/research-orch/blueprints-keys1]" time="0.315" /><testcase classname="tests.test_iter21_esp32_safety" name="test_hud_endpoint_live[/api/membank/list?limit=5-keys2]" time="0.317" /><testcase classname="tests.test_iter21_esp32_safety" name="test_hud_endpoint_live[/api/knowledge/subjects-keys3]" time="0.257" /><testcase classname="tests.test_iter21_esp32_safety" name="test_hud_endpoint_live[/api/research-orch/queue/status-None]" time="0.329" /><testcase classname="tests.test_iter21_esp32_safety" name="test_hud_endpoint_live[/api/atlas/archive/list-keys5]" time="0.271" /><testcase classname="tests.test_iter21_esp32_safety" name="test_hud_endpoint_live[/api/llm/health-None]" time="0.503" /><testcase classname="tests.test_iter21_esp32_safety" name="test_hud_endpoint_live[/api/ai/voices-keys7]" time="0.235" /><testcase classname="tests.test_iter21_esp32_safety" name="test_hud_endpoint_live[/api/themes/list-keys8]" time="0.255" /><testcase classname="tests.test_iter21_esp32_safety" name="test_hud_endpoint_live[/api/intake/list-keys9]" time="0.235" /><testcase classname="tests.test_iter21_esp32_safety" name="test_hud_endpoint_live[/api/worldwatch/updates-keys10]" time="0.279" /><testcase classname="tests.test_iter21_esp32_safety" name="test_hud_endpoint_live[/api/self-improve/proposals-keys11]" time="0.257" /><testcase classname="tests.test_iter21_esp32_safety" name="test_hud_endpoint_live[/api/learning/lessons-keys12]" time="0.448" /><testcase classname="tests.test_iter21_esp32_safety" name="test_hud_endpoint_live[/api/manual/sections-keys13]" time="0.188" /><testcase classname="tests.test_iter21_esp32_safety" name="test_hud_endpoint_live[/api/membank/graph/list-keys14]" time="0.180" /><testcase classname="tests.test_iter21_esp32_safety" name="test_hud_endpoint_live[/api/research-orch/missions-keys15]" time="0.195" /><testcase classname="tests.test_iter21_esp32_safety" name="test_hud_endpoint_live[/api/persona/list-keys16]" time="0.222" /><testcase classname="tests.test_iter21_esp32_safety" name="test_hud_endpoint_live[/api/twins/list-keys17]" time="0.201" /><testcase classname="tests.test_iter21_esp32_safety" name="test_mqtt_status_dormant" time="0.211" /><testcase classname="tests.test_iter21_esp32_safety" name="test_telemetry_ingested" time="24.683" /><testcase classname="tests.test_iter21_esp32_safety" name="test_device_online" time="0.529" /><testcase classname="tests.test_iter21_esp32_safety" name="test_actuate_command_applied" time="6.564" /><testcase classname="tests.test_iter21_esp32_safety" name="test_emergency_stop_enqueues_and_is_sticky" time="8.689" /><testcase classname="tests.test_iter21_esp32_safety" name="test_clear_safe_state" time="0.439" /></testsuite></testsuites>