<?xml version="1.0" encoding="utf-8"?><testsuites name="pytest tests"><testsuite name="pytest" errors="0" failures="0" skipped="0" tests="26" time="21.007" timestamp="2026-06-18T01:13:10.628030+00:00" hostname="agent-env-3d3959d4-ae21-4189-a303-3358b4690c3a"><testcase classname="tests.test_robot_phase7" name="test_roles_endpoint" time="0.134" /><testcase classname="tests.test_robot_phase7" name="test_seed_devices_present" time="0.138" /><testcase classname="tests.test_robot_phase7" name="test_register_device_is_owner_only" time="0.135" /><testcase classname="tests.test_robot_phase7" name="test_telemetry_roundtrip" time="0.277" /><testcase classname="tests.test_robot_phase7" name="test_guest_actuate_rejected_owner_only" time="0.123" /><testcase classname="tests.test_robot_phase7" name="test_owner_ping_executes" time="0.068" /><testcase classname="tests.test_robot_phase7" name="test_owner_actuate_runs_simulation_first" time="0.079" /><testcase classname="tests.test_robot_phase7" name="test_inbox_delivers_executed_commands_once" time="0.208" /><testcase classname="tests.test_robot_phase7" name="test_emergency_stop_blocks_subsequent_actuation" time="0.208" /><testcase classname="tests.test_robot_phase7" name="test_commands_listing" time="0.070" /><testcase classname="tests.test_robot_clear_safe_state" name="test_clear_is_listed_in_owner_only_commands" time="0.050" /><testcase classname="tests.test_robot_clear_safe_state" name="test_guest_cannot_clear" time="0.402" /><testcase classname="tests.test_robot_clear_safe_state" name="test_wrong_confirm_rejected" time="0.064" /><testcase classname="tests.test_robot_clear_safe_state" name="test_missing_confirm_rejected_by_pydantic" time="0.078" /><testcase classname="tests.test_robot_clear_safe_state" name="test_owner_clear_flips_device_and_records_everything" time="0.284" /><testcase classname="tests.test_robot_clear_safe_state" name="test_cannot_clear_a_healthy_device" time="0.123" /><testcase classname="tests.test_robot_clear_safe_state" name="test_unknown_device_returns_404" time="0.062" /><testcase classname="tests.test_persona_chat" name="test_list_personas_shape" time="0.058" /><testcase classname="tests.test_persona_chat" name="test_unknown_persona_returns_400" time="0.062" /><testcase classname="tests.test_persona_chat" name="test_persona_chat_returns_grounded_reply[ajani]" time="1.899" /><testcase classname="tests.test_persona_chat" name="test_persona_chat_returns_grounded_reply[minerva]" time="1.118" /><testcase classname="tests.test_persona_chat" name="test_persona_chat_returns_grounded_reply[hermes]" time="1.061" /><testcase classname="tests.test_persona_chat" name="test_session_continuity_across_turns" time="3.133" /><testcase classname="tests.test_persona_chat" name="test_assistant_turn_mirrored_into_memory_bank" time="1.820" /><testcase classname="tests.test_persona_chat" name="test_council_returns_three_sub_voices_plus_synth" time="7.601" /><testcase classname="tests.test_persona_chat" name="test_sessions_list_and_read_and_delete" time="1.470" /></testsuite></testsuites>