<?xml version="1.0" encoding="utf-8"?><testsuites name="pytest tests"><testsuite name="pytest" errors="0" failures="0" skipped="0" tests="38" time="1.703" timestamp="2026-07-17T03:29:54.170622+00:00" hostname="agent-env-3d3959d4-ae21-4189-a303-3358b4690c3a"><testcase classname="tests.test_iter30_vision_systems" name="test_vision_health_returns_full_capability_list" time="0.017" /><testcase classname="tests.test_iter30_vision_systems.TestDriverRegistry" name="test_list_drivers_covers_full_hardware_surface" time="0.006" /><testcase classname="tests.test_iter30_vision_systems.TestDriverRegistry" name="test_register_unified_device_lidar_gets_driver_defaults" time="0.008" /><testcase classname="tests.test_iter30_vision_systems.TestDriverRegistry" name="test_register_unified_device_thermal_gets_imaging_defaults" time="0.007" /><testcase classname="tests.test_iter30_vision_systems.TestDriverRegistry" name="test_unknown_kind_rejected_400" time="0.006" /><testcase classname="tests.test_iter30_vision_systems.TestDriverRegistry" name="test_unified_lookup_finds_new_device" time="0.029" /><testcase classname="tests.test_iter30_vision_systems.TestDriverRegistry" name="test_capability_filter_lists_only_matching_devices" time="0.037" /><testcase classname="tests.test_iter30_vision_systems.TestDriverRegistry" name="test_legacy_camera_projection_still_visible" time="0.059" /><testcase classname="tests.test_iter30_vision_systems.TestRegistry" name="test_register_camera_returns_uid" time="0.007" /><testcase classname="tests.test_iter30_vision_systems.TestRegistry" name="test_register_sensor_and_lookup" time="0.015" /><testcase classname="tests.test_iter30_vision_systems.TestRegistry" name="test_list_devices_kind_filter" time="0.090" /><testcase classname="tests.test_iter30_vision_systems.TestRegistry" name="test_delete_device_roundtrip" time="0.019" /><testcase classname="tests.test_iter30_vision_systems.TestCalibration" name="test_intrinsic_upsert_and_flag_camera" time="0.028" /><testcase classname="tests.test_iter30_vision_systems.TestCalibration" name="test_intrinsic_rejects_unknown_device" time="0.020" /><testcase classname="tests.test_iter30_vision_systems.TestCalibration" name="test_hand_eye_transform_stored" time="0.016" /><testcase classname="tests.test_iter30_vision_systems.TestIngest" name="test_synthetic_frame_stable_checksum" time="0.037" /><testcase classname="tests.test_iter30_vision_systems.TestIngest" name="test_non_synthetic_needs_payload" time="0.015" /><testcase classname="tests.test_iter30_vision_systems.TestIngest" name="test_frame_listing_by_device" time="0.059" /><testcase classname="tests.test_iter30_vision_systems.TestDetection" name="test_synthetic_grid_returns_at_least_one_box" time="0.027" /><testcase classname="tests.test_iter30_vision_systems.TestDetection" name="test_synthetic_center_detector_deterministic" time="0.035" /><testcase classname="tests.test_iter30_vision_systems.TestDetection" name="test_detect_missing_frame_returns_404" time="0.006" /><testcase classname="tests.test_iter30_vision_systems.TestTracking" name="test_tracking_reuses_prior_track_on_iou_hit" time="0.065" /><testcase classname="tests.test_iter30_vision_systems.TestPose" name="test_pnp_stub_uses_intrinsic_when_available" time="0.058" /><testcase classname="tests.test_iter30_vision_systems.TestPose" name="test_pose_synthetic_method_no_calibration_required" time="0.035" /><testcase classname="tests.test_iter30_vision_systems.TestInspection" name="test_industrial_inspection_fails_on_defect" time="0.250" /><testcase classname="tests.test_iter30_vision_systems.TestInspection" name="test_pcb_inspection_flags_missing_components" time="0.030" /><testcase classname="tests.test_iter30_vision_systems.TestInspection" name="test_pcb_inspection_passes_with_enough_components" time="0.057" /><testcase classname="tests.test_iter30_vision_systems" name="test_fusion_nms_removes_duplicates" time="0.063" /><testcase classname="tests.test_iter30_vision_systems" name="test_fusion_union_keeps_all" time="0.075" /><testcase classname="tests.test_iter30_vision_systems.TestTwinLink" name="test_link_camera_to_twin_and_reverse_lookup" time="0.030" /><testcase classname="tests.test_iter30_vision_systems.TestTwinLink" name="test_link_is_idempotent_on_reinsert" time="0.051" /><testcase classname="tests.test_iter30_vision_systems" name="test_end_to_end_camera_to_inspection" time="0.081" /><testcase classname="tests.test_iter30_vision_systems.TestVideoIngest" name="test_video_config_advertises_limits" time="0.004" /><testcase classname="tests.test_iter30_vision_systems.TestVideoIngest" name="test_full_chunked_upload_creates_frames" time="0.063" /><testcase classname="tests.test_iter30_vision_systems.TestVideoIngest" name="test_video_rejects_overflow_chunk" time="0.032" /><testcase classname="tests.test_iter30_vision_systems.TestVideoIngest" name="test_video_rejects_too_large_declared_bytes" time="0.010" /><testcase classname="tests.test_iter30_vision_systems.TestVideoIngest" name="test_video_rejects_missing_device" time="0.009" /><testcase classname="tests.test_iter30_vision_systems.TestVideoIngest" name="test_video_complete_rejects_empty_session" time="0.020" /></testsuite></testsuites>