<?xml version="1.0" encoding="utf-8"?><testsuites name="pytest tests"><testsuite name="pytest" errors="0" failures="0" skipped="0" tests="9" time="19.049" timestamp="2026-06-17T23:42:27.616744+00:00" hostname="agent-env-3d3959d4-ae21-4189-a303-3358b4690c3a"><testcase classname="tests.test_persona_chat" name="test_list_personas_shape" time="0.277" /><testcase classname="tests.test_persona_chat" name="test_unknown_persona_returns_400" time="0.152" /><testcase classname="tests.test_persona_chat" name="test_persona_chat_returns_grounded_reply[ajani]" time="1.289" /><testcase classname="tests.test_persona_chat" name="test_persona_chat_returns_grounded_reply[minerva]" time="1.110" /><testcase classname="tests.test_persona_chat" name="test_persona_chat_returns_grounded_reply[hermes]" time="1.099" /><testcase classname="tests.test_persona_chat" name="test_session_continuity_across_turns" time="3.287" /><testcase classname="tests.test_persona_chat" name="test_assistant_turn_mirrored_into_memory_bank" time="1.938" /><testcase classname="tests.test_persona_chat" name="test_council_returns_three_sub_voices_plus_synth" time="7.874" /><testcase classname="tests.test_persona_chat" name="test_sessions_list_and_read_and_delete" time="1.818" /></testsuite></testsuites>