<?xml version="1.0" encoding="utf-8"?><testsuites name="pytest tests"><testsuite name="pytest" errors="0" failures="0" skipped="0" tests="8" time="101.047" timestamp="2026-06-18T20:50:06.534996+00:00" hostname="agent-env-3d3959d4-ae21-4189-a303-3358b4690c3a"><testcase classname="tests.test_iter20_p1.TestWorldWatchSeed" name="test_seed_is_idempotent" time="7.506" /><testcase classname="tests.test_iter20_p1.TestWorldWatchSeed" name="test_feeds_split_11_rss_6_patent" time="0.071" /><testcase classname="tests.test_iter20_p1.TestWorldWatchRun" name="test_run_fetches_all_feeds_dezeen_no_errors" time="5.029" /><testcase classname="tests.test_iter20_p1.TestWorldWatchRun" name="test_updates_include_patent_with_google_patents_url" time="0.074" /><testcase classname="tests.test_iter20_p1.TestOrchestratorLoop" name="test_loop_runs_2_cycles_sequentially" time="42.064" /><testcase classname="tests.test_iter20_p1.TestOrchestratorLoop" name="test_loop_stop_on_empty_bails_early" time="27.333" /><testcase classname="tests.test_iter20_p1.TestMemoryBankST" name="test_set_persona_to_st_and_store_uses_st" time="17.808" /><testcase classname="tests.test_iter20_p1.TestMemoryBankST" name="test_search_returns_semantic_score_above_threshold" time="0.718" /></testsuite></testsuites>