<?xml version="1.0" encoding="utf-8"?><testsuites name="pytest tests"><testsuite name="pytest" errors="0" failures="0" skipped="0" tests="11" time="36.721" timestamp="2026-06-18T01:12:28.114135+00:00" hostname="agent-env-3d3959d4-ae21-4189-a303-3358b4690c3a"><testcase classname="tests.test_phase8_quad" name="test_graph_expand_returns_bfs_shape" time="0.658" /><testcase classname="tests.test_phase8_quad" name="test_graph_expand_depth_grows_neighbourhood" time="0.544" /><testcase classname="tests.test_phase8_quad" name="test_graph_expand_min_weight_filters_low_confidence_edges" time="0.457" /><testcase classname="tests.test_phase8_quad" name="test_graph_expand_unknown_node_returns_root_only" time="0.087" /><testcase classname="tests.test_phase8_quad" name="test_envelope_endpoint_404_for_unknown_device" time="0.070" /><testcase classname="tests.test_phase8_quad" name="test_envelope_warms_up_then_flags_outlier" time="1.605" /><testcase classname="tests.test_phase8_quad" name="test_envelope_reset_is_owner_only" time="0.267" /><testcase classname="tests.test_phase8_quad" name="test_ask_council_uses_persona_chat" time="11.819" /><testcase classname="tests.test_phase8_quad" name="test_mqtt_status_dormant_when_unconfigured" time="0.089" /><testcase classname="tests.test_phase8_quad" name="test_command_pipeline_still_works_with_mqtt_dormant" time="0.092" /><testcase classname="tests.test_phase8_quad" name="test_arxiv_extract_id_via_full_url" time="20.697" /></testsuite></testsuites>