<?xml version="1.0" encoding="utf-8"?><testsuites name="pytest tests"><testsuite name="pytest" errors="0" failures="2" skipped="0" tests="8" time="43.351" timestamp="2026-06-17T23:48:28.069961+00:00" hostname="agent-env-3d3959d4-ae21-4189-a303-3358b4690c3a"><testcase classname="tests.test_persona_chat_extras" name="test_kb_wiring_cited_in_ajani_chat" time="4.217"><failure message="AssertionError: expected kbase id fcccf3a95b6048d090b5d38590358e4f in cited_knowledge_ids, got []&#10;assert 'fcccf3a95b6048d090b5d38590358e4f' in []">tests/test_persona_chat_extras.py:93: in test_kb_wiring_cited_in_ajani_chat
    assert rec_id in body["cited_knowledge_ids"], (
E   AssertionError: expected kbase id fcccf3a95b6048d090b5d38590358e4f in cited_knowledge_ids, got []
E   assert 'fcccf3a95b6048d090b5d38590358e4f' in []</failure></testcase><testcase classname="tests.test_persona_chat_extras" name="test_kb_wiring_cited_in_hermes_chat" time="5.633"><failure message="AssertionError: expected 691fa4b64ae84bd1a94754a3800feb54 in cited_knowledge_ids, got []&#10;assert '691fa4b64ae84bd1a94754a3800feb54' in []">tests/test_persona_chat_extras.py:118: in test_kb_wiring_cited_in_hermes_chat
    assert rec_id in body["cited_knowledge_ids"], (
E   AssertionError: expected 691fa4b64ae84bd1a94754a3800feb54 in cited_knowledge_ids, got []
E   assert '691fa4b64ae84bd1a94754a3800feb54' in []</failure></testcase><testcase classname="tests.test_persona_chat_extras" name="test_council_writes_four_memory_rows" time="24.383" /><testcase classname="tests.test_persona_chat_extras" name="test_delete_session_preserves_memory_bank" time="2.524" /><testcase classname="tests.test_persona_chat_extras" name="test_ajani_voice_sounds_like_engineer" time="4.829" /><testcase classname="tests.test_persona_chat_extras" name="test_response_shape_stable_for_hud" time="1.077" /><testcase classname="tests.test_persona_chat_extras" name="test_regression_robot_devices_still_responds" time="0.173" /><testcase classname="tests.test_persona_chat_extras" name="test_regression_membank_list_still_responds" time="0.156" /></testsuite></testsuites>