<?xml version="1.0" encoding="utf-8"?><testsuites name="pytest tests"><testsuite name="pytest" errors="0" failures="0" skipped="0" tests="19" time="15.243" timestamp="2026-07-04T07:31:13.108527+00:00" hostname="agent-env-3d3959d4-ae21-4189-a303-3358b4690c3a"><testcase classname="tests.test_iter28_knowledge_network" name="test_kn_health_lists_wrapped_subsystems" time="0.685" /><testcase classname="tests.test_iter28_knowledge_network" name="test_kn_dashboard_returns_aggregate_counts" time="0.640" /><testcase classname="tests.test_iter28_knowledge_network" name="test_kn_sources_expose_full_metadata_block" time="0.527" /><testcase classname="tests.test_iter28_knowledge_network" name="test_kn_sources_filter_by_trust_level" time="0.563" /><testcase classname="tests.test_iter28_knowledge_network" name="test_kn_sources_stats_matches_underlying" time="1.136" /><testcase classname="tests.test_iter28_knowledge_network" name="test_kn_patch_metadata_persists_new_fields" time="1.118" /><testcase classname="tests.test_iter28_knowledge_network" name="test_kn_patch_metadata_rejects_unknown_id" time="0.331" /><testcase classname="tests.test_iter28_knowledge_network" name="test_kn_patch_metadata_rejects_empty_body" time="0.351" /><testcase classname="tests.test_iter28_knowledge_network" name="test_kn_convenience_proxies_respond_200" time="2.891" /><testcase classname="tests.test_iter28_knowledge_network" name="test_kn_research_memory_alias_stores" time="0.290" /><testcase classname="tests.test_iter28_knowledge_network" name="test_dev_pipeline_status_reports_real_health" time="0.428" /><testcase classname="tests.test_iter28_knowledge_network" name="test_dev_pipeline_ping_ok" time="0.383" /><testcase classname="tests.test_iter28_knowledge_network" name="test_all_wrapped_originals_still_respond" time="1.619" /><testcase classname="tests.test_iter28_knowledge_network" name="test_kn_stats_root_returns_facet_breakdown" time="0.295" /><testcase classname="tests.test_iter28_knowledge_network" name="test_kn_by_agent_returns_matching_sources" time="0.600" /><testcase classname="tests.test_iter28_knowledge_network" name="test_kn_by_country_filters_correctly" time="0.695" /><testcase classname="tests.test_iter28_knowledge_network" name="test_kn_source_language_field_defaults_to_en" time="0.361" /><testcase classname="tests.test_iter28_knowledge_network" name="test_kn_culture_tag_patch_persists" time="0.324" /><testcase classname="tests.test_iter28_knowledge_network" name="test_kn_dashboard_now_includes_language_and_culture_facets" time="0.345" /></testsuite></testsuites>