<?xml version="1.0" encoding="utf-8"?><testsuites name="pytest tests"><testsuite name="pytest" errors="0" failures="0" skipped="0" tests="34" time="69.068" timestamp="2026-06-17T23:49:57.605205+00:00" hostname="agent-env-3d3959d4-ae21-4189-a303-3358b4690c3a"><testcase classname="tests.test_persona_chat" name="test_list_personas_shape" time="0.241" /><testcase classname="tests.test_persona_chat" name="test_unknown_persona_returns_400" time="0.154" /><testcase classname="tests.test_persona_chat" name="test_persona_chat_returns_grounded_reply[ajani]" time="1.346" /><testcase classname="tests.test_persona_chat" name="test_persona_chat_returns_grounded_reply[minerva]" time="1.182" /><testcase classname="tests.test_persona_chat" name="test_persona_chat_returns_grounded_reply[hermes]" time="1.253" /><testcase classname="tests.test_persona_chat" name="test_session_continuity_across_turns" time="3.306" /><testcase classname="tests.test_persona_chat" name="test_assistant_turn_mirrored_into_memory_bank" time="1.710" /><testcase classname="tests.test_persona_chat" name="test_council_returns_three_sub_voices_plus_synth" time="7.234" /><testcase classname="tests.test_persona_chat" name="test_sessions_list_and_read_and_delete" time="1.889" /><testcase classname="tests.test_persona_chat_extras" name="test_kb_wiring_cited_in_ajani_chat" time="8.688" /><testcase classname="tests.test_persona_chat_extras" name="test_kb_wiring_cited_in_hermes_chat" time="4.756" /><testcase classname="tests.test_persona_chat_extras" name="test_council_writes_four_memory_rows" time="23.333" /><testcase classname="tests.test_persona_chat_extras" name="test_delete_session_preserves_memory_bank" time="1.778" /><testcase classname="tests.test_persona_chat_extras" name="test_ajani_voice_sounds_like_engineer" time="4.422" /><testcase classname="tests.test_persona_chat_extras" name="test_response_shape_stable_for_hud" time="1.000" /><testcase classname="tests.test_persona_chat_extras" name="test_regression_robot_devices_still_responds" time="0.194" /><testcase classname="tests.test_persona_chat_extras" name="test_regression_membank_list_still_responds" time="0.176" /><testcase classname="tests.test_robot_phase7" name="test_roles_endpoint" time="0.154" /><testcase classname="tests.test_robot_phase7" name="test_seed_devices_present" time="0.315" /><testcase classname="tests.test_robot_phase7" name="test_register_device_is_owner_only" time="0.339" /><testcase classname="tests.test_robot_phase7" name="test_telemetry_roundtrip" time="0.703" /><testcase classname="tests.test_robot_phase7" name="test_guest_actuate_rejected_owner_only" time="0.333" /><testcase classname="tests.test_robot_phase7" name="test_owner_ping_executes" time="0.170" /><testcase classname="tests.test_robot_phase7" name="test_owner_actuate_runs_simulation_first" time="0.193" /><testcase classname="tests.test_robot_phase7" name="test_inbox_delivers_executed_commands_once" time="0.504" /><testcase classname="tests.test_robot_phase7" name="test_emergency_stop_blocks_subsequent_actuation" time="0.509" /><testcase classname="tests.test_robot_phase7" name="test_commands_listing" time="0.154" /><testcase classname="tests.test_robot_clear_safe_state" name="test_clear_is_listed_in_owner_only_commands" time="0.184" /><testcase classname="tests.test_robot_clear_safe_state" name="test_guest_cannot_clear" time="1.026" /><testcase classname="tests.test_robot_clear_safe_state" name="test_wrong_confirm_rejected" time="0.219" /><testcase classname="tests.test_robot_clear_safe_state" name="test_missing_confirm_rejected_by_pydantic" time="0.146" /><testcase classname="tests.test_robot_clear_safe_state" name="test_owner_clear_flips_device_and_records_everything" time="0.691" /><testcase classname="tests.test_robot_clear_safe_state" name="test_cannot_clear_a_healthy_device" time="0.319" /><testcase classname="tests.test_robot_clear_safe_state" name="test_unknown_device_returns_404" time="0.179" /></testsuite></testsuites>