<?xml version="1.0" encoding="utf-8"?><testsuites name="pytest tests"><testsuite name="pytest" errors="0" failures="0" skipped="0" tests="6" time="13.150" timestamp="2026-06-01T01:53:24.836582+00:00" hostname="agent-env-3d3959d4-ae21-4189-a303-3358b4690c3a"><testcase classname="backend.tests.test_ai_services_tts_routing" name="test_voices_full_shape" time="6.342" /><testcase classname="backend.tests.test_ai_services_tts_routing" name="test_tts_falls_back_to_openai_when_elevenlabs_lacks_permission" time="2.594" /><testcase classname="backend.tests.test_ai_services_tts_routing" name="test_tts_explicit_openai_provider" time="1.811" /><testcase classname="backend.tests.test_ai_services_tts_routing" name="test_tts_empty_text_returns_400" time="0.049" /><testcase classname="backend.tests.test_ai_services_tts_routing" name="test_voices_elevenlabs_returns_json_error_not_html" time="0.386" /><testcase classname="backend.tests.test_ai_services_tts_routing" name="test_tts_language_override_header" time="1.371" /></testsuite></testsuites>