<?xml version="1.0" encoding="utf-8"?><testsuites name="pytest tests"><testsuite name="pytest" errors="0" failures="0" skipped="0" tests="18" time="0.554" timestamp="2026-07-04T06:31:10.543260+00:00" hostname="agent-env-3d3959d4-ae21-4189-a303-3358b4690c3a"><testcase classname="tests.test_iter27_packet_aliases" name="test_health_root_returns_ok_with_systems_list" time="0.008" /><testcase classname="tests.test_iter27_packet_aliases" name="test_health_ping_returns_pong" time="0.007" /><testcase classname="tests.test_iter27_packet_aliases" name="test_intelligence_status_reports_personas_and_routes" time="0.014" /><testcase classname="tests.test_iter27_packet_aliases" name="test_intelligence_personas_endpoint" time="0.012" /><testcase classname="tests.test_iter27_packet_aliases" name="test_intelligence_providers_endpoint" time="0.012" /><testcase classname="tests.test_iter27_packet_aliases" name="test_memory_alias_list_matches_membank_list" time="0.037" /><testcase classname="tests.test_iter27_packet_aliases" name="test_memory_alias_categories" time="0.005" /><testcase classname="tests.test_iter27_packet_aliases" name="test_sources_alias_root_lists" time="0.012" /><testcase classname="tests.test_iter27_packet_aliases" name="test_sources_alias_stats" time="0.027" /><testcase classname="tests.test_iter27_packet_aliases" name="test_tasks_queue_alias" time="0.025" /><testcase classname="tests.test_iter27_packet_aliases" name="test_tasks_queue_status_alias" time="0.018" /><testcase classname="tests.test_iter27_packet_aliases" name="test_tasks_projects_alias" time="0.013" /><testcase classname="tests.test_iter27_packet_aliases" name="test_teaching_alias_registered_in_openapi" time="0.021" /><testcase classname="tests.test_iter27_packet_aliases" name="test_teaching_alias_rejects_get" time="0.018" /><testcase classname="tests.test_iter27_packet_aliases" name="test_knowledge_root_subjects_still_live" time="0.005" /><testcase classname="tests.test_iter27_packet_aliases" name="test_knowledge_subjects_bank_alias" time="0.016" /><testcase classname="tests.test_iter27_packet_aliases" name="test_knowledge_transcripts_alias" time="0.007" /><testcase classname="tests.test_iter27_packet_aliases" name="test_original_routes_still_operational" time="0.075" /></testsuite></testsuites>