<?xml version="1.0" encoding="utf-8"?><testsuites name="pytest tests"><testsuite name="pytest" errors="0" failures="0" skipped="0" tests="4" time="20.648" timestamp="2026-06-17T20:06:10.925642+00:00" hostname="agent-env-3d3959d4-ae21-4189-a303-3358b4690c3a"><testcase classname="tests.test_iter16_voice_ingest_sentinel" name="test_ingest_url_returns_full_record_shape" time="9.992" /><testcase classname="tests.test_iter16_voice_ingest_sentinel" name="test_membank_search_finds_whisper_record" time="9.106" /><testcase classname="tests.test_iter16_voice_ingest_sentinel" name="test_guest_cannot_actuate_owner_can_actuate" time="0.547" /><testcase classname="tests.test_iter16_voice_ingest_sentinel" name="test_emergency_stop_owner_flips_safe_state" time="0.504" /></testsuite></testsuites>