<?xml version="1.0" encoding="utf-8"?><testsuites name="pytest tests"><testsuite name="pytest" errors="0" failures="0" skipped="0" tests="16" time="2.397" timestamp="2026-07-17T03:32:12.656867+00:00" hostname="agent-env-3d3959d4-ae21-4189-a303-3358b4690c3a"><testcase classname="tests.test_iter30_public_ingress" name="test_root_health" time="0.230" /><testcase classname="tests.test_iter30_public_ingress" name="test_vision_health_capabilities" time="0.071" /><testcase classname="tests.test_iter30_public_ingress" name="test_knowledge_network_health" time="0.057" /><testcase classname="tests.test_iter30_public_ingress" name="test_dev_pipeline_status" time="0.114" /><testcase classname="tests.test_iter30_public_ingress" name="test_drivers_list_full_kinds" time="0.049" /><testcase classname="tests.test_iter30_public_ingress" name="test_register_lidar_driver_defaults" time="0.102" /><testcase classname="tests.test_iter30_public_ingress" name="test_register_thermal_defaults" time="0.102" /><testcase classname="tests.test_iter30_public_ingress" name="test_register_unknown_kind_rejected" time="0.047" /><testcase classname="tests.test_iter30_public_ingress" name="test_capability_filter_wrench" time="0.192" /><testcase classname="tests.test_iter30_public_ingress" name="test_legacy_camera_still_surfaces" time="0.219" /><testcase classname="tests.test_iter30_public_ingress" name="test_video_ingest_config" time="0.050" /><testcase classname="tests.test_iter30_public_ingress" name="test_video_start_unknown_device" time="0.062" /><testcase classname="tests.test_iter30_public_ingress" name="test_video_start_too_large" time="0.109" /><testcase classname="tests.test_iter30_public_ingress" name="test_video_full_upload_creates_frames" time="0.328" /><testcase classname="tests.test_iter30_public_ingress" name="test_video_overflow_chunk" time="0.109" /><testcase classname="tests.test_iter30_public_ingress" name="test_video_complete_empty_session" time="0.211" /></testsuite></testsuites>