<?xml version="1.0" encoding="utf-8"?><testsuites name="pytest tests"><testsuite name="pytest" errors="0" failures="0" skipped="0" tests="29" time="99.390" timestamp="2026-06-17T05:22:52.079474+00:00" hostname="agent-env-3d3959d4-ae21-4189-a303-3358b4690c3a"><testcase classname="tests.test_membank_phase2" name="test_store_basic_returns_meta_no_embedding" time="1.949" /><testcase classname="tests.test_membank_phase2" name="test_store_permanent_category_auto_pins[user]" time="0.052" /><testcase classname="tests.test_membank_phase2" name="test_store_permanent_category_auto_pins[project]" time="0.050" /><testcase classname="tests.test_membank_phase2" name="test_store_permanent_category_auto_pins[blueprint]" time="0.058" /><testcase classname="tests.test_membank_phase2" name="test_store_permanent_category_auto_pins[council]" time="0.049" /><testcase classname="tests.test_membank_phase2" name="test_store_decay_category_not_pinned[research]" time="0.057" /><testcase classname="tests.test_membank_phase2" name="test_store_decay_category_not_pinned[temporary]" time="0.050" /><testcase classname="tests.test_membank_phase2" name="test_store_invalid_category_coerces_to_manual" time="0.051" /><testcase classname="tests.test_membank_phase2" name="test_store_short_content_returns_400" time="0.043" /><testcase classname="tests.test_membank_phase2" name="test_search_returns_sim_freshness_score" time="0.105" /><testcase classname="tests.test_membank_phase2" name="test_search_filter_by_category_user" time="0.140" /><testcase classname="tests.test_membank_phase2" name="test_search_filter_by_persona" time="0.147" /><testcase classname="tests.test_membank_phase2" name="test_list_by_category" time="0.092" /><testcase classname="tests.test_membank_phase2" name="test_list_include_decayed_default_hides_dead" time="0.055" /><testcase classname="tests.test_membank_phase2" name="test_reinforce_bumps_freshness_and_count" time="0.156" /><testcase classname="tests.test_membank_phase2" name="test_reinforce_unknown_returns_404" time="0.048" /><testcase classname="tests.test_membank_phase2" name="test_delete_returns_deleted_then_404" time="0.150" /><testcase classname="tests.test_membank_phase2" name="test_categories_layout" time="0.050" /><testcase classname="tests.test_membank_phase2" name="test_user_shortcut_creates_permanent_pinned" time="0.097" /><testcase classname="tests.test_membank_phase2" name="test_research_shortcut_is_non_permanent" time="0.048" /><testcase classname="tests.test_membank_phase2" name="test_triple_upsert_increments_hits" time="0.097" /><testcase classname="tests.test_membank_phase2" name="test_graph_list_by_node" time="0.094" /><testcase classname="tests.test_membank_phase2" name="test_graph_list_by_relation" time="0.092" /><testcase classname="tests.test_membank_phase2" name="test_graph_around_bfs" time="0.188" /><testcase classname="tests.test_membank_phase2" name="test_embed_settings_shape" time="0.047" /><testcase classname="tests.test_membank_phase2" name="test_embed_settings_update_valid_and_invalid" time="0.091" /><testcase classname="tests.test_membank_phase2" name="test_wiring_intake_transcript_writes_three" time="24.233" /><testcase classname="tests.test_membank_phase2" name="test_wiring_council_deliberate_writes_council_memory" time="19.447" /><testcase classname="tests.test_membank_phase2" name="test_wiring_blueprint_generate_writes_blueprint_memory" time="50.895" /></testsuite></testsuites>