<?xml version="1.0" encoding="utf-8"?><testsuites name="pytest tests"><testsuite name="pytest" errors="0" failures="0" skipped="0" tests="45" time="141.064" timestamp="2026-06-17T13:39:15.907121+00:00" hostname="agent-env-3d3959d4-ae21-4189-a303-3358b4690c3a"><testcase classname="tests.test_membank_phase2" name="test_store_basic_returns_meta_no_embedding" time="0.374" /><testcase classname="tests.test_membank_phase2" name="test_store_permanent_category_auto_pins[user]" time="0.064" /><testcase classname="tests.test_membank_phase2" name="test_store_permanent_category_auto_pins[project]" time="0.062" /><testcase classname="tests.test_membank_phase2" name="test_store_permanent_category_auto_pins[blueprint]" time="0.059" /><testcase classname="tests.test_membank_phase2" name="test_store_permanent_category_auto_pins[council]" time="0.059" /><testcase classname="tests.test_membank_phase2" name="test_store_decay_category_not_pinned[research]" time="0.059" /><testcase classname="tests.test_membank_phase2" name="test_store_decay_category_not_pinned[temporary]" time="0.063" /><testcase classname="tests.test_membank_phase2" name="test_store_invalid_category_coerces_to_manual" time="0.065" /><testcase classname="tests.test_membank_phase2" name="test_store_short_content_returns_400" time="0.067" /><testcase classname="tests.test_membank_phase2" name="test_search_returns_sim_freshness_score" time="0.132" /><testcase classname="tests.test_membank_phase2" name="test_search_filter_by_category_user" time="0.171" /><testcase classname="tests.test_membank_phase2" name="test_search_filter_by_persona" time="0.184" /><testcase classname="tests.test_membank_phase2" name="test_list_by_category" time="0.118" /><testcase classname="tests.test_membank_phase2" name="test_list_include_decayed_default_hides_dead" time="0.069" /><testcase classname="tests.test_membank_phase2" name="test_reinforce_bumps_freshness_and_count" time="0.167" /><testcase classname="tests.test_membank_phase2" name="test_reinforce_unknown_returns_404" time="0.056" /><testcase classname="tests.test_membank_phase2" name="test_delete_returns_deleted_then_404" time="0.160" /><testcase classname="tests.test_membank_phase2" name="test_categories_layout" time="0.052" /><testcase classname="tests.test_membank_phase2" name="test_user_shortcut_creates_permanent_pinned" time="0.204" /><testcase classname="tests.test_membank_phase2" name="test_research_shortcut_is_non_permanent" time="0.057" /><testcase classname="tests.test_membank_phase2" name="test_triple_upsert_increments_hits" time="0.128" /><testcase classname="tests.test_membank_phase2" name="test_graph_list_by_node" time="0.116" /><testcase classname="tests.test_membank_phase2" name="test_graph_list_by_relation" time="0.109" /><testcase classname="tests.test_membank_phase2" name="test_graph_around_bfs" time="0.230" /><testcase classname="tests.test_membank_phase2" name="test_embed_settings_shape" time="0.064" /><testcase classname="tests.test_membank_phase2" name="test_embed_settings_update_valid_and_invalid" time="0.103" /><testcase classname="tests.test_membank_phase2" name="test_wiring_intake_transcript_writes_three" time="39.788" /><testcase classname="tests.test_membank_phase2" name="test_wiring_council_deliberate_writes_council_memory" time="20.041" /><testcase classname="tests.test_membank_phase2" name="test_wiring_blueprint_generate_writes_blueprint_memory" time="52.797" /><testcase classname="tests.test_research_phase3.TestResearchWeb" name="test_web_validation_empty_query" time="0.372" /><testcase classname="tests.test_research_phase3.TestResearchWeb" name="test_web_validation_topn_too_high" time="0.048" /><testcase classname="tests.test_research_phase3.TestResearchWeb" name="test_web_summarise_false_returns_shape" time="3.077" /><testcase classname="tests.test_research_phase3.TestResearchWeb" name="test_web_auto_writes_research_memory" time="2.891" /><testcase classname="tests.test_research_phase3.TestResearchPatent" name="test_patent_shape" time="1.293" /><testcase classname="tests.test_research_phase3.TestResearchPatent" name="test_patent_deep_does_not_500" time="12.493" /><testcase classname="tests.test_research_phase3.TestResearchPatent" name="test_patent_auto_writes_research_memory" time="2.357" /><testcase classname="tests.test_research_phase3.TestResearchPdf" name="test_pdf_valid_upload_no_summarise" time="0.098" /><testcase classname="tests.test_research_phase3.TestResearchPdf" name="test_pdf_writes_parent_plus_chunks_in_memory" time="1.159" /><testcase classname="tests.test_research_phase3.TestResearchPdf" name="test_pdf_rejects_non_pdf_extension" time="0.051" /><testcase classname="tests.test_research_phase3.TestResearchPdf" name="test_pdf_rejects_empty" time="0.059" /><testcase classname="tests.test_research_phase3.TestResearchPdf" name="test_pdf_rejects_oversize" time="0.741" /><testcase classname="tests.test_research_phase3.TestResearchRecent" name="test_recent_default" time="0.079" /><testcase classname="tests.test_research_phase3.TestResearchRecent" name="test_recent_filter_pdf" time="0.052" /><testcase classname="tests.test_research_phase3.TestMembankRegression" name="test_store_search_listed" time="0.157" /><testcase classname="tests.test_research_phase3.TestMembankRegression" name="test_graph_triple_and_around" time="0.125" /></testsuite></testsuites>