<?xml version="1.0" encoding="utf-8"?><testsuites name="pytest tests"><testsuite name="pytest" errors="0" failures="0" skipped="1" tests="10" time="4.435" timestamp="2026-05-06T13:20:31.948642+00:00" hostname="agent-env-3d3959d4-ae21-4189-a303-3358b4690c3a"><testcase classname="tests.test_atlas_api" name="test_root" time="2.811" /><testcase classname="tests.test_atlas_api" name="test_knowledge_subjects_list" time="0.065" /><testcase classname="tests.test_atlas_api" name="test_knowledge_teach_valid" time="0.126" /><testcase classname="tests.test_atlas_api" name="test_knowledge_teach_unknown_subject" time="0.064" /><testcase classname="tests.test_atlas_api" name="test_files_list" time="0.089" /><testcase classname="tests.test_atlas_api" name="test_files_upload_then_list_and_delete" time="0.231" /><testcase classname="tests.test_atlas_api" name="test_files_stats" time="0.079" /><testcase classname="tests.test_atlas_api" name="test_chat_invalid_persona" time="0.065" /><testcase classname="tests.test_atlas_api" name="test_chat_send_ajani" time="0.070"><skipped type="pytest.skip" message="EMERGENT_LLM_KEY not configured">/app/backend/tests/test_atlas_api.py:106: EMERGENT_LLM_KEY not configured</skipped></testcase><testcase classname="tests.test_atlas_api" name="test_chat_conversations_list" time="0.097" /></testsuite></testsuites>