<?xml version="1.0" encoding="utf-8"?><testsuites name="pytest tests"><testsuite name="pytest" errors="0" failures="0" skipped="0" tests="60" time="195.464" timestamp="2026-06-17T15:05:35.415071+00:00" hostname="agent-env-3d3959d4-ae21-4189-a303-3358b4690c3a"><testcase classname="tests.test_twins_phase5" name="test_categories" time="0.416" /><testcase classname="tests.test_twins_phase5" name="test_register_get_list" time="0.358" /><testcase classname="tests.test_twins_phase5" name="test_get_unknown_twin_404" time="0.059" /><testcase classname="tests.test_twins_phase5" name="test_update_state_increments_revision" time="0.215" /><testcase classname="tests.test_twins_phase5" name="test_all_six_simulators[blueprint]" time="0.210" /><testcase classname="tests.test_twins_phase5" name="test_all_six_simulators[assembly]" time="0.244" /><testcase classname="tests.test_twins_phase5" name="test_all_six_simulators[resource]" time="0.192" /><testcase classname="tests.test_twins_phase5" name="test_all_six_simulators[failure]" time="0.191" /><testcase classname="tests.test_twins_phase5" name="test_all_six_simulators[timeline]" time="0.188" /><testcase classname="tests.test_twins_phase5" name="test_all_six_simulators[cost]" time="0.203" /><testcase classname="tests.test_twins_phase5" name="test_simulation_history" time="0.248" /><testcase classname="tests.test_twins_phase5" name="test_get_simulation_by_id" time="0.231" /><testcase classname="tests.test_twins_phase5" name="test_invalid_simulation_kind" time="0.171" /><testcase classname="tests.test_twins_phase5" name="test_cycle_detection_fails_blueprint" time="0.623" /><testcase classname="tests.test_twins_phase5" name="test_unknown_component_in_dependency" time="0.509" /><testcase classname="tests.test_twins_phase5" name="test_failure_sim_finds_spof" time="0.535" /><testcase classname="tests.test_twins_phase5" name="test_council_deliberate_returns_four_voices" time="38.837" /><testcase classname="tests.test_twins_phase5" name="test_delete_twin_cascades" time="0.386" /><testcase classname="tests.test_twins_phase5" name="test_simulation_creates_research_memory" time="1.109" /><testcase classname="tests.test_twins_phase5_extras" name="test_register_invalid_category_returns_422" time="0.239" /><testcase classname="tests.test_twins_phase5_extras" name="test_register_short_name_returns_422" time="0.056" /><testcase classname="tests.test_twins_phase5_extras" name="test_list_filter_combination" time="0.187" /><testcase classname="tests.test_twins_phase5_extras" name="test_assembly_topological_order" time="0.240" /><testcase classname="tests.test_twins_phase5_extras" name="test_resource_bom_and_metrics" time="0.271" /><testcase classname="tests.test_twins_phase5_extras" name="test_timeline_metrics" time="0.256" /><testcase classname="tests.test_twins_phase5_extras" name="test_cost_metrics_and_line_cost" time="0.278" /><testcase classname="tests.test_twins_phase5_extras" name="test_simulation_unknown_id_404" time="0.086" /><testcase classname="tests.test_twins_phase5_extras" name="test_deliberate_with_explicit_simulation_id" time="38.088" /><testcase classname="tests.test_twins_phase5_extras" name="test_register_writes_project_memory" time="0.854" /><testcase classname="tests.test_twins_phase5_extras" name="test_membank_list_still_works" time="0.057" /><testcase classname="tests.test_twins_phase5_extras" name="test_research_recent_still_works" time="0.057" /><testcase classname="tests.test_membank_phase2" name="test_store_basic_returns_meta_no_embedding" time="0.139" /><testcase classname="tests.test_membank_phase2" name="test_store_permanent_category_auto_pins[user]" time="0.063" /><testcase classname="tests.test_membank_phase2" name="test_store_permanent_category_auto_pins[project]" time="0.059" /><testcase classname="tests.test_membank_phase2" name="test_store_permanent_category_auto_pins[blueprint]" time="0.057" /><testcase classname="tests.test_membank_phase2" name="test_store_permanent_category_auto_pins[council]" time="0.064" /><testcase classname="tests.test_membank_phase2" name="test_store_decay_category_not_pinned[research]" time="0.058" /><testcase classname="tests.test_membank_phase2" name="test_store_decay_category_not_pinned[temporary]" time="0.056" /><testcase classname="tests.test_membank_phase2" name="test_store_invalid_category_coerces_to_manual" time="0.063" /><testcase classname="tests.test_membank_phase2" name="test_store_short_content_returns_400" time="0.054" /><testcase classname="tests.test_membank_phase2" name="test_search_returns_sim_freshness_score" time="0.145" /><testcase classname="tests.test_membank_phase2" name="test_search_filter_by_category_user" time="0.205" /><testcase classname="tests.test_membank_phase2" name="test_search_filter_by_persona" time="0.232" /><testcase classname="tests.test_membank_phase2" name="test_list_by_category" time="0.133" /><testcase classname="tests.test_membank_phase2" name="test_list_include_decayed_default_hides_dead" time="0.067" /><testcase classname="tests.test_membank_phase2" name="test_reinforce_bumps_freshness_and_count" time="0.171" /><testcase classname="tests.test_membank_phase2" name="test_reinforce_unknown_returns_404" time="0.060" /><testcase classname="tests.test_membank_phase2" name="test_delete_returns_deleted_then_404" time="0.178" /><testcase classname="tests.test_membank_phase2" name="test_categories_layout" time="0.053" /><testcase classname="tests.test_membank_phase2" name="test_user_shortcut_creates_permanent_pinned" time="0.112" /><testcase classname="tests.test_membank_phase2" name="test_research_shortcut_is_non_permanent" time="0.054" /><testcase classname="tests.test_membank_phase2" name="test_triple_upsert_increments_hits" time="0.124" /><testcase classname="tests.test_membank_phase2" name="test_graph_list_by_node" time="0.115" /><testcase classname="tests.test_membank_phase2" name="test_graph_list_by_relation" time="0.108" /><testcase classname="tests.test_membank_phase2" name="test_graph_around_bfs" time="0.216" /><testcase classname="tests.test_membank_phase2" name="test_embed_settings_shape" time="0.064" /><testcase classname="tests.test_membank_phase2" name="test_embed_settings_update_valid_and_invalid" time="0.110" /><testcase classname="tests.test_membank_phase2" name="test_wiring_intake_transcript_writes_three" time="28.726" /><testcase classname="tests.test_membank_phase2" name="test_wiring_council_deliberate_writes_council_memory" time="21.337" /><testcase classname="tests.test_membank_phase2" name="test_wiring_blueprint_generate_writes_blueprint_memory" time="56.278" /></testsuite></testsuites>