<?xml version="1.0" encoding="utf-8"?><testsuites name="pytest tests"><testsuite name="pytest" errors="0" failures="0" skipped="0" tests="2" time="2.009" timestamp="2026-06-17T06:37:36.106905+00:00" hostname="agent-env-3d3959d4-ae21-4189-a303-3358b4690c3a"><testcase classname="backend.tests.test_research_phase3.TestMembankRegression" name="test_store_search_listed" time="1.269" /><testcase classname="backend.tests.test_research_phase3.TestMembankRegression" name="test_graph_triple_and_around" time="0.099" /></testsuite></testsuites>