<?xml version="1.0" encoding="utf-8"?><testsuites name="pytest tests"><testsuite name="pytest" errors="0" failures="0" skipped="0" tests="16" time="24.462" timestamp="2026-06-17T06:39:15.727933+00:00" hostname="agent-env-3d3959d4-ae21-4189-a303-3358b4690c3a"><testcase classname="backend.tests.test_research_phase3.TestResearchWeb" name="test_web_validation_empty_query" time="0.308" /><testcase classname="backend.tests.test_research_phase3.TestResearchWeb" name="test_web_validation_topn_too_high" time="0.046" /><testcase classname="backend.tests.test_research_phase3.TestResearchWeb" name="test_web_summarise_false_returns_shape" time="2.394" /><testcase classname="backend.tests.test_research_phase3.TestResearchWeb" name="test_web_auto_writes_research_memory" time="3.321" /><testcase classname="backend.tests.test_research_phase3.TestResearchPatent" name="test_patent_shape" time="0.956" /><testcase classname="backend.tests.test_research_phase3.TestResearchPatent" name="test_patent_deep_does_not_500" time="11.964" /><testcase classname="backend.tests.test_research_phase3.TestResearchPatent" name="test_patent_auto_writes_research_memory" time="2.544" /><testcase classname="backend.tests.test_research_phase3.TestResearchPdf" name="test_pdf_valid_upload_no_summarise" time="0.082" /><testcase classname="backend.tests.test_research_phase3.TestResearchPdf" name="test_pdf_writes_parent_plus_chunks_in_memory" time="1.146" /><testcase classname="backend.tests.test_research_phase3.TestResearchPdf" name="test_pdf_rejects_non_pdf_extension" time="0.051" /><testcase classname="backend.tests.test_research_phase3.TestResearchPdf" name="test_pdf_rejects_empty" time="0.061" /><testcase classname="backend.tests.test_research_phase3.TestResearchPdf" name="test_pdf_rejects_oversize" time="0.613" /><testcase classname="backend.tests.test_research_phase3.TestResearchRecent" name="test_recent_default" time="0.073" /><testcase classname="backend.tests.test_research_phase3.TestResearchRecent" name="test_recent_filter_pdf" time="0.058" /><testcase classname="backend.tests.test_research_phase3.TestMembankRegression" name="test_store_search_listed" time="0.145" /><testcase classname="backend.tests.test_research_phase3.TestMembankRegression" name="test_graph_triple_and_around" time="0.113" /></testsuite></testsuites>