<?xml version="1.0" encoding="utf-8"?><testsuites name="pytest tests"><testsuite name="pytest" errors="0" failures="0" skipped="0" tests="10" time="3.818" timestamp="2026-06-17T19:41:23.619963+00:00" hostname="agent-env-3d3959d4-ae21-4189-a303-3358b4690c3a"><testcase classname="tests.test_robot_phase7" name="test_roles_endpoint" time="0.410" /><testcase classname="tests.test_robot_phase7" name="test_seed_devices_present" time="0.330" /><testcase classname="tests.test_robot_phase7" name="test_register_device_is_owner_only" time="0.327" /><testcase classname="tests.test_robot_phase7" name="test_telemetry_roundtrip" time="0.788" /><testcase classname="tests.test_robot_phase7" name="test_guest_actuate_rejected_owner_only" time="0.343" /><testcase classname="tests.test_robot_phase7" name="test_owner_ping_executes" time="0.199" /><testcase classname="tests.test_robot_phase7" name="test_owner_actuate_runs_simulation_first" time="0.155" /><testcase classname="tests.test_robot_phase7" name="test_inbox_delivers_executed_commands_once" time="0.448" /><testcase classname="tests.test_robot_phase7" name="test_emergency_stop_blocks_subsequent_actuation" time="0.456" /><testcase classname="tests.test_robot_phase7" name="test_commands_listing" time="0.149" /></testsuite></testsuites>