<?xml version="1.0" encoding="utf-8"?><testsuites name="pytest tests"><testsuite name="pytest" errors="0" failures="0" skipped="0" tests="3" time="4.801" timestamp="2026-06-17T19:42:01.626142+00:00" hostname="agent-env-3d3959d4-ae21-4189-a303-3358b4690c3a"><testcase classname="tests.test_robot_membank_wiring" name="test_telemetry_push_creates_memory_record" time="2.447" /><testcase classname="tests.test_robot_membank_wiring" name="test_command_creates_memory_record_and_is_searchable" time="1.014" /><testcase classname="tests.test_robot_membank_wiring" name="test_device_registration_creates_memory_record" time="0.831" /></testsuite></testsuites>