<?xml version="1.0" encoding="utf-8"?><testsuites name="pytest tests"><testsuite name="pytest" errors="0" failures="0" skipped="0" tests="31" time="81.732" timestamp="2026-06-17T13:37:39.433058+00:00" hostname="agent-env-3d3959d4-ae21-4189-a303-3358b4690c3a"><testcase classname="tests.test_twins_phase5" name="test_categories" time="0.544" /><testcase classname="tests.test_twins_phase5" name="test_register_get_list" time="0.074" /><testcase classname="tests.test_twins_phase5" name="test_get_unknown_twin_404" time="0.008" /><testcase classname="tests.test_twins_phase5" name="test_update_state_increments_revision" time="0.052" /><testcase classname="tests.test_twins_phase5" name="test_all_six_simulators[blueprint]" time="0.043" /><testcase classname="tests.test_twins_phase5" name="test_all_six_simulators[assembly]" time="0.045" /><testcase classname="tests.test_twins_phase5" name="test_all_six_simulators[resource]" time="0.035" /><testcase classname="tests.test_twins_phase5" name="test_all_six_simulators[failure]" time="0.035" /><testcase classname="tests.test_twins_phase5" name="test_all_six_simulators[timeline]" time="0.050" /><testcase classname="tests.test_twins_phase5" name="test_all_six_simulators[cost]" time="0.033" /><testcase classname="tests.test_twins_phase5" name="test_simulation_history" time="0.055" /><testcase classname="tests.test_twins_phase5" name="test_get_simulation_by_id" time="0.040" /><testcase classname="tests.test_twins_phase5" name="test_invalid_simulation_kind" time="0.025" /><testcase classname="tests.test_twins_phase5" name="test_cycle_detection_fails_blueprint" time="0.156" /><testcase classname="tests.test_twins_phase5" name="test_unknown_component_in_dependency" time="0.159" /><testcase classname="tests.test_twins_phase5" name="test_failure_sim_finds_spof" time="0.142" /><testcase classname="tests.test_twins_phase5" name="test_council_deliberate_returns_four_voices" time="40.247" /><testcase classname="tests.test_twins_phase5" name="test_delete_twin_cascades" time="0.048" /><testcase classname="tests.test_twins_phase5" name="test_simulation_creates_research_memory" time="0.586" /><testcase classname="tests.test_twins_phase5_extras" name="test_register_invalid_category_returns_422" time="0.035" /><testcase classname="tests.test_twins_phase5_extras" name="test_register_short_name_returns_422" time="0.004" /><testcase classname="tests.test_twins_phase5_extras" name="test_list_filter_combination" time="0.034" /><testcase classname="tests.test_twins_phase5_extras" name="test_assembly_topological_order" time="0.048" /><testcase classname="tests.test_twins_phase5_extras" name="test_resource_bom_and_metrics" time="0.059" /><testcase classname="tests.test_twins_phase5_extras" name="test_timeline_metrics" time="0.050" /><testcase classname="tests.test_twins_phase5_extras" name="test_cost_metrics_and_line_cost" time="0.053" /><testcase classname="tests.test_twins_phase5_extras" name="test_simulation_unknown_id_404" time="0.006" /><testcase classname="tests.test_twins_phase5_extras" name="test_deliberate_with_explicit_simulation_id" time="37.885" /><testcase classname="tests.test_twins_phase5_extras" name="test_register_writes_project_memory" time="0.602" /><testcase classname="tests.test_twins_phase5_extras" name="test_membank_list_still_works" time="0.013" /><testcase classname="tests.test_twins_phase5_extras" name="test_research_recent_still_works" time="0.007" /></testsuite></testsuites>