<?xml version="1.0" encoding="utf-8"?><testsuites name="pytest tests"><testsuite name="pytest" errors="0" failures="0" skipped="0" tests="8" time="2.214" timestamp="2026-06-17T15:04:36.093777+00:00" hostname="agent-env-3d3959d4-ae21-4189-a303-3358b4690c3a"><testcase classname="tests.test_weaver_phase6_extras" name="test_parts_search_q_matches_by_tag" time="1.052" /><testcase classname="tests.test_weaver_phase6_extras" name="test_unknown_part_returns_404" time="0.058" /><testcase classname="tests.test_weaver_phase6_extras" name="test_analyze_match_and_unknown_counts" time="0.067" /><testcase classname="tests.test_weaver_phase6_extras" name="test_plan_tools_required_is_category_union" time="0.272" /><testcase classname="tests.test_weaver_phase6_extras" name="test_unknown_plan_returns_404" time="0.067" /><testcase classname="tests.test_weaver_phase6_extras" name="test_phase5_twin_categories_regression" time="0.056" /><testcase classname="tests.test_weaver_phase6_extras" name="test_phase2_membank_categories_regression" time="0.057" /><testcase classname="tests.test_weaver_phase6_extras" name="test_phase2_membank_search_regression" time="0.099" /></testsuite></testsuites>