<?xml version="1.0" encoding="utf-8"?><testsuites name="pytest tests"><testsuite name="pytest" errors="0" failures="0" skipped="0" tests="12" time="2.661" timestamp="2026-06-17T15:04:02.627715+00:00" hostname="agent-env-3d3959d4-ae21-4189-a303-3358b4690c3a"><testcase classname="tests.test_weaver_phase6" name="test_part_categories" time="0.336" /><testcase classname="tests.test_weaver_phase6" name="test_seed_idempotent" time="0.097" /><testcase classname="tests.test_weaver_phase6" name="test_parts_search_by_category" time="0.053" /><testcase classname="tests.test_weaver_phase6" name="test_parts_search_by_q" time="0.056" /><testcase classname="tests.test_weaver_phase6" name="test_add_and_delete_part" time="0.192" /><testcase classname="tests.test_weaver_phase6" name="test_analyze_structured" time="0.072" /><testcase classname="tests.test_weaver_phase6" name="test_analyze_invalid_category_coerces" time="0.058" /><testcase classname="tests.test_weaver_phase6" name="test_plan_full_pipeline_no_council" time="0.233" /><testcase classname="tests.test_weaver_phase6" name="test_plan_blank_blueprint_returns_400" time="0.050" /><testcase classname="tests.test_weaver_phase6" name="test_plan_title_validation" time="0.049" /><testcase classname="tests.test_weaver_phase6" name="test_plans_list_filter_and_delete" time="0.403" /><testcase classname="tests.test_weaver_phase6" name="test_plan_memory_wiring" time="0.826" /></testsuite></testsuites>